app/build/intermediates/manifest_merge_blame_file/debug/processDebugMainManifest/manifest-merger-blame-debug-report.txt
1<?xml version="1.0" encoding="utf-8"?>
2<manifest xmlns:android="http://schemas.android.com/apk/res/android"
3    package="com.example.doannt118"
4    android:versionCode="1"
5    android:versionName="1.0" >
6
7    <uses-sdk
8        android:minSdkVersion="33"
9        android:targetSdkVersion="36" />
10
11    <uses-permission android:name="android.permission.INTERNET" />
11-->src/main/AndroidManifest.xml:5:5-67
11-->src/main/AndroidManifest.xml:5:22-64
12    <uses-permission
12-->src/main/AndroidManifest.xml:6:5-7:38
13        android:name="android.permission.READ_EXTERNAL_STORAGE"
13-->src/main/AndroidManifest.xml:6:22-77
14        android:maxSdkVersion="32" />
14-->src/main/AndroidManifest.xml:7:9-35
15    <uses-permission android:name="android.permission.READ_MEDIA_IMAGES" />
15-->src/main/AndroidManifest.xml:8:5-76
15-->src/main/AndroidManifest.xml:8:22-73
16    <uses-permission android:name="android.permission.CAMERA" />
16-->src/main/AndroidManifest.xml:9:5-65
16-->src/main/AndroidManifest.xml:9:22-62
17    <uses-permission android:name="android.permission.POST_NOTIFICATIONS" />
17-->src/main/AndroidManifest.xml:10:5-77
17-->src/main/AndroidManifest.xml:10:22-74
18    <uses-permission android:name="android.permission.VIBRATE" />
18-->src/main/AndroidManifest.xml:11:5-66
18-->src/main/AndroidManifest.xml:11:22-63
19    <uses-permission android:name="android.permission.SCHEDULE_EXACT_ALARM" />
19-->src/main/AndroidManifest.xml:12:5-79
19-->src/main/AndroidManifest.xml:12:22-76
20    <uses-permission android:name="android.permission.ACCESS_NETWORK_STATE" />
20-->[com.google.firebase:firebase-auth:24.0.1] AndroidManifest.xml:26:5-79
20-->[com.google.firebase:firebase-auth:24.0.1] AndroidManifest.xml:26:22-76
21    <uses-permission android:name="android.permission.WAKE_LOCK" /> <!-- Required by older versions of Google Play services to create IID tokens -->
21-->[com.google.firebase:firebase-messaging:25.0.1] AndroidManifest.xml:24:5-68
21-->[com.google.firebase:firebase-messaging:25.0.1] AndroidManifest.xml:24:22-65
22    <uses-permission android:name="com.google.android.c2dm.permission.RECEIVE" />
22-->[com.google.firebase:firebase-messaging:25.0.1] AndroidManifest.xml:26:5-82
22-->[com.google.firebase:firebase-messaging:25.0.1] AndroidManifest.xml:26:22-79
23    <uses-permission android:name="com.google.android.gms.permission.AD_ID" />
23-->[com.google.android.gms:play-services-measurement-api:23.0.0] AndroidManifest.xml:25:5-79
23-->[com.google.android.gms:play-services-measurement-api:23.0.0] AndroidManifest.xml:25:22-76
24    <uses-permission android:name="android.permission.ACCESS_ADSERVICES_ATTRIBUTION" />
24-->[com.google.android.gms:play-services-measurement-api:23.0.0] AndroidManifest.xml:26:5-88
24-->[com.google.android.gms:play-services-measurement-api:23.0.0] AndroidManifest.xml:26:22-85
25    <uses-permission android:name="android.permission.ACCESS_ADSERVICES_AD_ID" />
25-->[com.google.android.gms:play-services-measurement-api:23.0.0] AndroidManifest.xml:27:5-82
25-->[com.google.android.gms:play-services-measurement-api:23.0.0] AndroidManifest.xml:27:22-79
26    <uses-permission android:name="com.google.android.finsky.permission.BIND_GET_INSTALL_REFERRER_SERVICE" />
26-->[com.google.android.gms:play-services-measurement:23.0.0] AndroidManifest.xml:26:5-110
26-->[com.google.android.gms:play-services-measurement:23.0.0] AndroidManifest.xml:26:22-107
27    <uses-permission android:name="com.google.android.providers.gsf.permission.READ_GSERVICES" />
27-->[com.google.android.recaptcha:recaptcha:18.6.1] AndroidManifest.xml:9:5-98
27-->[com.google.android.recaptcha:recaptcha:18.6.1] AndroidManifest.xml:9:22-95
28
29    <permission
29-->[androidx.core:core:1.13.1] AndroidManifest.xml:22:5-24:47
30        android:name="com.example.doannt118.DYNAMIC_RECEIVER_NOT_EXPORTED_PERMISSION"
30-->[androidx.core:core:1.13.1] AndroidManifest.xml:23:9-81
31        android:protectionLevel="signature" />
31-->[androidx.core:core:1.13.1] AndroidManifest.xml:24:9-44
32
33    <uses-permission android:name="com.example.doannt118.DYNAMIC_RECEIVER_NOT_EXPORTED_PERMISSION" />
33-->[androidx.core:core:1.13.1] AndroidManifest.xml:26:5-97
33-->[androidx.core:core:1.13.1] AndroidManifest.xml:26:22-94
34
35    <application
35-->src/main/AndroidManifest.xml:14:5-160:19
36        android:allowBackup="true"
36-->src/main/AndroidManifest.xml:16:9-35
37        android:appComponentFactory="androidx.core.app.CoreComponentFactory"
37-->[androidx.core:core:1.13.1] AndroidManifest.xml:28:18-86
38        android:dataExtractionRules="@xml/data_extraction_rules"
38-->src/main/AndroidManifest.xml:17:9-65
39        android:debuggable="true"
40        android:extractNativeLibs="false"
41        android:fullBackupContent="@xml/backup_rules"
41-->src/main/AndroidManifest.xml:18:9-54
42        android:icon="@mipmap/ic_launcher"
42-->src/main/AndroidManifest.xml:19:9-43
43        android:label="@string/app_name"
43-->src/main/AndroidManifest.xml:20:9-41
44        android:roundIcon="@mipmap/ic_launcher_round"
44-->src/main/AndroidManifest.xml:21:9-54
45        android:supportsRtl="true"
45-->src/main/AndroidManifest.xml:22:9-35
46        android:theme="@style/Theme.DoAnNT118" >
46-->src/main/AndroidManifest.xml:15:9-47
47
48        <!-- 🟢 WelcomeActivity: chạy đầu tiên -->
49        <activity
49-->src/main/AndroidManifest.xml:26:9-34:20
50            android:name="com.example.doannt118.ui.WelcomeActivity"
50-->src/main/AndroidManifest.xml:27:13-47
51            android:exported="true"
51-->src/main/AndroidManifest.xml:28:13-36
52            android:theme="@style/Theme.AppCompat.Light.NoActionBar" >
52-->src/main/AndroidManifest.xml:29:13-69
53            <intent-filter>
53-->src/main/AndroidManifest.xml:30:13-33:29
54                <action android:name="android.intent.action.MAIN" />
54-->src/main/AndroidManifest.xml:31:17-69
54-->src/main/AndroidManifest.xml:31:25-66
55
56                <category android:name="android.intent.category.LAUNCHER" />
56-->src/main/AndroidManifest.xml:32:17-77
56-->src/main/AndroidManifest.xml:32:27-74
57            </intent-filter>
58        </activity>
59
60        <!-- 🟡 Các activity khác -->
61        <activity
61-->src/main/AndroidManifest.xml:37:9-40:72
62            android:name="com.example.doannt118.ui.LoginActivity"
62-->src/main/AndroidManifest.xml:38:13-45
63            android:exported="false"
63-->src/main/AndroidManifest.xml:39:13-37
64            android:theme="@style/Theme.AppCompat.Light.NoActionBar" />
64-->src/main/AndroidManifest.xml:40:13-69
65        <activity
65-->src/main/AndroidManifest.xml:41:9-44:72
66            android:name="com.example.doannt118.ui.RegisterActivity"
66-->src/main/AndroidManifest.xml:42:13-48
67            android:exported="false"
67-->src/main/AndroidManifest.xml:43:13-37
68            android:theme="@style/Theme.AppCompat.Light.NoActionBar" />
68-->src/main/AndroidManifest.xml:44:13-69
69        <activity android:name="com.example.doannt118.ui.MainBenhNhanActivity" />
69-->src/main/AndroidManifest.xml:46:9-61
69-->src/main/AndroidManifest.xml:46:19-58
70        <activity android:name="com.example.doannt118.ui.MainBacSiActivity" />
70-->src/main/AndroidManifest.xml:47:9-58
70-->src/main/AndroidManifest.xml:47:19-55
71        <activity android:name="com.example.doannt118.ui.MainAdminActivity" />
71-->src/main/AndroidManifest.xml:48:9-58
71-->src/main/AndroidManifest.xml:48:19-55
72        <activity android:name="com.example.doannt118.ui.ChiTietBenhAnActivity" />
72-->src/main/AndroidManifest.xml:49:9-62
72-->src/main/AndroidManifest.xml:49:19-59
73        <activity android:name="com.example.doannt118.ui.XemBenhAnActivity" />
73-->src/main/AndroidManifest.xml:50:9-58
73-->src/main/AndroidManifest.xml:50:19-55
74        <activity android:name="com.example.doannt118.ui.ProfileActivity" />
74-->src/main/AndroidManifest.xml:51:9-56
74-->src/main/AndroidManifest.xml:51:19-53
75        <activity android:name="com.example.doannt118.ui.QuanLyHoSoCaNhan" />
75-->src/main/AndroidManifest.xml:52:9-57
75-->src/main/AndroidManifest.xml:52:19-54
76        <activity android:name="com.example.doannt118.ui.QuanLyLichLamViecActivity" />
76-->src/main/AndroidManifest.xml:53:9-66
76-->src/main/AndroidManifest.xml:53:19-63
77        <activity
77-->src/main/AndroidManifest.xml:54:9-55:72
78            android:name="com.example.doannt118.ui.ThemLichLamViecActivity"
78-->src/main/AndroidManifest.xml:54:19-61
79            android:theme="@style/Theme.AppCompat.Light.NoActionBar" />
79-->src/main/AndroidManifest.xml:55:13-69
80        <activity android:name="com.example.doannt118.ui.ForgotPasswordActivity" />
80-->src/main/AndroidManifest.xml:56:9-63
80-->src/main/AndroidManifest.xml:56:19-60
81        <activity android:name="com.example.doannt118.ui.SettingActivity" />
81-->src/main/AndroidManifest.xml:57:9-55
81-->src/main/AndroidManifest.xml:57:19-53
82        <activity android:name="com.example.doannt118.ui.DangKyLichKhamActivity" />
82-->src/main/AndroidManifest.xml:58:9-63
82-->src/main/AndroidManifest.xml:58:19-60
83        <activity android:name="com.example.doannt118.ui.DanhSachBacSiActivity" />
83-->src/main/AndroidManifest.xml:59:9-62
83-->src/main/AndroidManifest.xml:59:19-59
84        <activity android:name="com.example.doannt118.ui.ChiTietBacSiActivity" />
84-->src/main/AndroidManifest.xml:60:9-61
84-->src/main/AndroidManifest.xml:60:19-58
85        <activity
85-->src/main/AndroidManifest.xml:61:9-63:74
86            android:name="com.example.doannt118.ui.XemChiTietLichKhamActivity"
86-->src/main/AndroidManifest.xml:61:19-64
87            android:parentActivityName="com.example.doannt118.ui.QuanLyLichLamViecActivity"
87-->src/main/AndroidManifest.xml:62:13-71
88            android:theme="@style/Theme.AppCompat.Light.DarkActionBar" />
88-->src/main/AndroidManifest.xml:63:13-71
89        <activity android:name="com.example.doannt118.ui.XacNhanLichKhamActivity" />
89-->src/main/AndroidManifest.xml:64:9-64
89-->src/main/AndroidManifest.xml:64:19-61
90        <activity android:name="com.example.doannt118.ui.GuiThongBaoActivity" />
90-->src/main/AndroidManifest.xml:65:9-60
90-->src/main/AndroidManifest.xml:65:19-57
91        <activity android:name="com.example.doannt118.ui.ThongBaoActivity" />
91-->src/main/AndroidManifest.xml:66:9-57
91-->src/main/AndroidManifest.xml:66:19-54
92        <activity
92-->src/main/AndroidManifest.xml:67:9-69:58
93            android:name="com.example.doannt118.ui.ChatActivity"
93-->src/main/AndroidManifest.xml:68:13-44
94            android:windowSoftInputMode="adjustResize" />
94-->src/main/AndroidManifest.xml:69:13-55
95        <activity android:name="com.example.doannt118.ui.QuanLyLichLamViecNewActivity" />
95-->src/main/AndroidManifest.xml:70:9-69
95-->src/main/AndroidManifest.xml:70:19-66
96        <activity
96-->src/main/AndroidManifest.xml:71:9-73:40
97            android:name="com.example.doannt118.ui.DanhSachDonThuocActivity"
97-->src/main/AndroidManifest.xml:72:13-56
98            android:exported="false" />
98-->src/main/AndroidManifest.xml:73:13-37
99        <activity
99-->src/main/AndroidManifest.xml:74:9-76:40
100            android:name="com.example.doannt118.ui.ChiTietDonThuocActivity"
100-->src/main/AndroidManifest.xml:75:13-55
101            android:exported="false" />
101-->src/main/AndroidManifest.xml:76:13-37
102        <activity
102-->src/main/AndroidManifest.xml:77:9-79:40
103            android:name="com.example.doannt118.ui.DanhSachHoaDonActivity"
103-->src/main/AndroidManifest.xml:78:13-54
104            android:exported="false" />
104-->src/main/AndroidManifest.xml:79:13-37
105        <activity
105-->src/main/AndroidManifest.xml:80:9-82:40
106            android:name="com.example.doannt118.ui.ChiTietHoaDonActivity"
106-->src/main/AndroidManifest.xml:81:13-53
107            android:exported="false" />
107-->src/main/AndroidManifest.xml:82:13-37
108        <activity
108-->src/main/AndroidManifest.xml:83:9-85:40
109            android:name="com.example.doannt118.ui.UpdateBacSiProfileActivity"
109-->src/main/AndroidManifest.xml:84:13-58
110            android:exported="false" />
110-->src/main/AndroidManifest.xml:85:13-37
111        <activity
111-->src/main/AndroidManifest.xml:86:9-88:40
112            android:name="com.example.doannt118.ui.MainActivity"
112-->src/main/AndroidManifest.xml:87:13-44
113            android:exported="false" />
113-->src/main/AndroidManifest.xml:88:13-37
114        <activity
114-->src/main/AndroidManifest.xml:89:9-91:40
115            android:name="com.example.doannt118.ui.XacNhanUongThuocActivity"
115-->src/main/AndroidManifest.xml:90:13-56
116            android:exported="false" />
116-->src/main/AndroidManifest.xml:91:13-37
117        <activity
117-->src/main/AndroidManifest.xml:92:9-94:40
118            android:name="com.example.doannt118.ui.LichSuUongThuocActivity"
118-->src/main/AndroidManifest.xml:93:13-55
119            android:exported="false" />
119-->src/main/AndroidManifest.xml:94:13-37
120        <activity
120-->src/main/AndroidManifest.xml:95:9-97:40
121            android:name="com.example.doannt118.ui.DiemDanhUongThuocActivity"
121-->src/main/AndroidManifest.xml:96:13-57
122            android:exported="false" />
122-->src/main/AndroidManifest.xml:97:13-37
123        <activity
123-->src/main/AndroidManifest.xml:98:9-100:40
124            android:name="com.example.doannt118.ui.ChiTietThongBaoActivity"
124-->src/main/AndroidManifest.xml:99:13-55
125            android:exported="false" />
125-->src/main/AndroidManifest.xml:100:13-37
126        <activity
126-->src/main/AndroidManifest.xml:101:9-103:40
127            android:name="com.example.doannt118.ui.QuanLyBenhAnBacSiActivity"
127-->src/main/AndroidManifest.xml:102:13-57
128            android:exported="false" />
128-->src/main/AndroidManifest.xml:103:13-37
129        <activity
129-->src/main/AndroidManifest.xml:104:9-106:40
130            android:name="com.example.doannt118.ui.CapNhatBenhAnActivity"
130-->src/main/AndroidManifest.xml:105:13-53
131            android:exported="false" />
131-->src/main/AndroidManifest.xml:106:13-37
132        <activity
132-->src/main/AndroidManifest.xml:107:9-109:40
133            android:name="com.example.doannt118.ui.TaoBenhAnActivity"
133-->src/main/AndroidManifest.xml:108:13-49
134            android:exported="false" />
134-->src/main/AndroidManifest.xml:109:13-37
135        <activity
135-->src/main/AndroidManifest.xml:110:9-112:40
136            android:name="com.example.doannt118.ui.KeDonThuocActivity"
136-->src/main/AndroidManifest.xml:111:13-50
137            android:exported="false" />
137-->src/main/AndroidManifest.xml:112:13-37
138        <activity
138-->src/main/AndroidManifest.xml:113:9-115:40
139            android:name="com.example.doannt118.ui.TaoHoaDonActivity"
139-->src/main/AndroidManifest.xml:114:13-49
140            android:exported="false" />
140-->src/main/AndroidManifest.xml:115:13-37
141        <activity
141-->src/main/AndroidManifest.xml:116:9-118:40
142            android:name="com.example.doannt118.ui.NhapMaKhamActivity"
142-->src/main/AndroidManifest.xml:117:13-50
143            android:exported="false" />
143-->src/main/AndroidManifest.xml:118:13-37
144        <activity
144-->src/main/AndroidManifest.xml:119:9-121:40
145            android:name="com.example.doannt118.ui.HoSoBenhNhanActivity"
145-->src/main/AndroidManifest.xml:120:13-52
146            android:exported="false" />
146-->src/main/AndroidManifest.xml:121:13-37
147        <activity
147-->src/main/AndroidManifest.xml:122:9-124:40
148            android:name="com.example.doannt118.ui.LichKhamCuaToiActivity"
148-->src/main/AndroidManifest.xml:123:13-54
149            android:exported="false" />
149-->src/main/AndroidManifest.xml:124:13-37
150        <activity
150-->src/main/AndroidManifest.xml:125:9-127:40
151            android:name="com.example.doannt118.ui.ChiTietLichKhamActivity"
151-->src/main/AndroidManifest.xml:126:13-55
152            android:exported="false" />
152-->src/main/AndroidManifest.xml:127:13-37
153        <activity
153-->src/main/AndroidManifest.xml:128:9-130:40
154            android:name="com.example.doannt118.ui.InitDuocPhamActivity"
154-->src/main/AndroidManifest.xml:129:13-52
155            android:exported="false" />
155-->src/main/AndroidManifest.xml:130:13-37
156        <activity
156-->src/main/AndroidManifest.xml:131:9-133:40
157            android:name="com.example.doannt118.ui.InitDichVuKhamActivity"
157-->src/main/AndroidManifest.xml:132:13-54
158            android:exported="false" />
158-->src/main/AndroidManifest.xml:133:13-37
159        <activity
159-->src/main/AndroidManifest.xml:134:9-136:40
160            android:name="com.example.doannt118.ui.ChonDichVuKhamActivity"
160-->src/main/AndroidManifest.xml:135:13-54
161            android:exported="false" />
161-->src/main/AndroidManifest.xml:136:13-37
162        <activity
162-->src/main/AndroidManifest.xml:137:9-139:40
163            android:name="com.example.doannt118.ui.QuanLyDuLieuActivity"
163-->src/main/AndroidManifest.xml:138:13-52
164            android:exported="false" />
164-->src/main/AndroidManifest.xml:139:13-37
165
166        <!-- Firebase Cloud Messaging Service -->
167        <service
167-->src/main/AndroidManifest.xml:142:9-148:19
168            android:name="com.example.doannt118.service.MyFirebaseMessagingService"
168-->src/main/AndroidManifest.xml:143:13-63
169            android:exported="false" >
169-->src/main/AndroidManifest.xml:144:13-37
170            <intent-filter>
170-->src/main/AndroidManifest.xml:145:13-147:29
171                <action android:name="com.google.firebase.MESSAGING_EVENT" />
171-->src/main/AndroidManifest.xml:146:17-78
171-->src/main/AndroidManifest.xml:146:25-75
172            </intent-filter>
173        </service>
174
175        <!-- Firebase Messaging Metadata -->
176        <meta-data
176-->src/main/AndroidManifest.xml:151:9-153:60
177            android:name="com.google.firebase.messaging.default_notification_icon"
177-->src/main/AndroidManifest.xml:152:13-83
178            android:resource="@drawable/ic_notification" />
178-->src/main/AndroidManifest.xml:153:13-57
179        <meta-data
179-->src/main/AndroidManifest.xml:154:9-156:54
180            android:name="com.google.firebase.messaging.default_notification_color"
180-->src/main/AndroidManifest.xml:155:13-84
181            android:resource="@color/colorPrimary" />
181-->src/main/AndroidManifest.xml:156:13-51
182        <meta-data
182-->src/main/AndroidManifest.xml:157:9-159:60
183            android:name="com.google.firebase.messaging.default_notification_channel_id"
183-->src/main/AndroidManifest.xml:158:13-89
184            android:value="medical_notification_channel" />
184-->src/main/AndroidManifest.xml:159:13-57
185
186        <activity
186-->[com.google.firebase:firebase-auth:24.0.1] AndroidManifest.xml:29:9-46:20
187            android:name="com.google.firebase.auth.internal.GenericIdpActivity"
187-->[com.google.firebase:firebase-auth:24.0.1] AndroidManifest.xml:30:13-80
188            android:excludeFromRecents="true"
188-->[com.google.firebase:firebase-auth:24.0.1] AndroidManifest.xml:31:13-46
189            android:exported="true"
189-->[com.google.firebase:firebase-auth:24.0.1] AndroidManifest.xml:32:13-36
190            android:launchMode="singleTask"
190-->[com.google.firebase:firebase-auth:24.0.1] AndroidManifest.xml:33:13-44
191            android:theme="@android:style/Theme.Translucent.NoTitleBar" >
191-->[com.google.firebase:firebase-auth:24.0.1] AndroidManifest.xml:34:13-72
192            <intent-filter>
192-->[com.google.firebase:firebase-auth:24.0.1] AndroidManifest.xml:35:13-45:29
193                <action android:name="android.intent.action.VIEW" />
193-->[com.google.firebase:firebase-auth:24.0.1] AndroidManifest.xml:36:17-69
193-->[com.google.firebase:firebase-auth:24.0.1] AndroidManifest.xml:36:25-66
194
195                <category android:name="android.intent.category.DEFAULT" />
195-->[com.google.firebase:firebase-auth:24.0.1] AndroidManifest.xml:38:17-76
195-->[com.google.firebase:firebase-auth:24.0.1] AndroidManifest.xml:38:27-73
196                <category android:name="android.intent.category.BROWSABLE" />
196-->[com.google.firebase:firebase-auth:24.0.1] AndroidManifest.xml:39:17-78
196-->[com.google.firebase:firebase-auth:24.0.1] AndroidManifest.xml:39:27-75
197
198                <data
198-->[com.google.firebase:firebase-auth:24.0.1] AndroidManifest.xml:41:17-44:51
199                    android:host="firebase.auth"
199-->[com.google.firebase:firebase-auth:24.0.1] AndroidManifest.xml:42:21-49
200                    android:path="/"
200-->[com.google.firebase:firebase-auth:24.0.1] AndroidManifest.xml:43:21-37
201                    android:scheme="genericidp" />
201-->[com.google.firebase:firebase-auth:24.0.1] AndroidManifest.xml:44:21-48
202            </intent-filter>
203        </activity>
204        <activity
204-->[com.google.firebase:firebase-auth:24.0.1] AndroidManifest.xml:47:9-64:20
205            android:name="com.google.firebase.auth.internal.RecaptchaActivity"
205-->[com.google.firebase:firebase-auth:24.0.1] AndroidManifest.xml:48:13-79
206            android:excludeFromRecents="true"
206-->[com.google.firebase:firebase-auth:24.0.1] AndroidManifest.xml:49:13-46
207            android:exported="true"
207-->[com.google.firebase:firebase-auth:24.0.1] AndroidManifest.xml:50:13-36
208            android:launchMode="singleTask"
208-->[com.google.firebase:firebase-auth:24.0.1] AndroidManifest.xml:51:13-44
209            android:theme="@android:style/Theme.Translucent.NoTitleBar" >
209-->[com.google.firebase:firebase-auth:24.0.1] AndroidManifest.xml:52:13-72
210            <intent-filter>
210-->[com.google.firebase:firebase-auth:24.0.1] AndroidManifest.xml:53:13-63:29
211                <action android:name="android.intent.action.VIEW" />
211-->[com.google.firebase:firebase-auth:24.0.1] AndroidManifest.xml:36:17-69
211-->[com.google.firebase:firebase-auth:24.0.1] AndroidManifest.xml:36:25-66
212
213                <category android:name="android.intent.category.DEFAULT" />
213-->[com.google.firebase:firebase-auth:24.0.1] AndroidManifest.xml:38:17-76
213-->[com.google.firebase:firebase-auth:24.0.1] AndroidManifest.xml:38:27-73
214                <category android:name="android.intent.category.BROWSABLE" />
214-->[com.google.firebase:firebase-auth:24.0.1] AndroidManifest.xml:39:17-78
214-->[com.google.firebase:firebase-auth:24.0.1] AndroidManifest.xml:39:27-75
215
216                <data
216-->[com.google.firebase:firebase-auth:24.0.1] AndroidManifest.xml:41:17-44:51
217                    android:host="firebase.auth"
217-->[com.google.firebase:firebase-auth:24.0.1] AndroidManifest.xml:42:21-49
218                    android:path="/"
218-->[com.google.firebase:firebase-auth:24.0.1] AndroidManifest.xml:43:21-37
219                    android:scheme="recaptcha" />
219-->[com.google.firebase:firebase-auth:24.0.1] AndroidManifest.xml:44:21-48
220            </intent-filter>
221        </activity>
222
223        <service
223-->[com.google.firebase:firebase-auth:24.0.1] AndroidManifest.xml:66:9-72:19
224            android:name="com.google.firebase.components.ComponentDiscoveryService"
224-->[com.google.firebase:firebase-auth:24.0.1] AndroidManifest.xml:67:13-84
225            android:directBootAware="true"
225-->[com.google.firebase:firebase-common:22.0.1] AndroidManifest.xml:32:13-43
226            android:exported="false" >
226-->[com.google.firebase:firebase-auth:24.0.1] AndroidManifest.xml:68:13-37
227            <meta-data
227-->[com.google.firebase:firebase-auth:24.0.1] AndroidManifest.xml:69:13-71:85
228                android:name="com.google.firebase.components:com.google.firebase.auth.FirebaseAuthRegistrar"
228-->[com.google.firebase:firebase-auth:24.0.1] AndroidManifest.xml:70:17-109
229                android:value="com.google.firebase.components.ComponentRegistrar" />
229-->[com.google.firebase:firebase-auth:24.0.1] AndroidManifest.xml:71:17-82
230            <meta-data
230-->[com.google.firebase:firebase-firestore:26.0.2] AndroidManifest.xml:17:13-19:85
231                android:name="com.google.firebase.components:com.google.firebase.firestore.FirebaseFirestoreKtxRegistrar"
231-->[com.google.firebase:firebase-firestore:26.0.2] AndroidManifest.xml:18:17-122
232                android:value="com.google.firebase.components.ComponentRegistrar" />
232-->[com.google.firebase:firebase-firestore:26.0.2] AndroidManifest.xml:19:17-82
233            <meta-data
233-->[com.google.firebase:firebase-firestore:26.0.2] AndroidManifest.xml:20:13-22:85
234                android:name="com.google.firebase.components:com.google.firebase.firestore.FirestoreRegistrar"
234-->[com.google.firebase:firebase-firestore:26.0.2] AndroidManifest.xml:21:17-111
235                android:value="com.google.firebase.components.ComponentRegistrar" />
235-->[com.google.firebase:firebase-firestore:26.0.2] AndroidManifest.xml:22:17-82
236            <meta-data
236-->[com.google.firebase:firebase-messaging:25.0.1] AndroidManifest.xml:57:13-59:85
237                android:name="com.google.firebase.components:com.google.firebase.messaging.FirebaseMessagingKtxRegistrar"
237-->[com.google.firebase:firebase-messaging:25.0.1] AndroidManifest.xml:58:17-122
238                android:value="com.google.firebase.components.ComponentRegistrar" />
238-->[com.google.firebase:firebase-messaging:25.0.1] AndroidManifest.xml:59:17-82
239            <meta-data
239-->[com.google.firebase:firebase-messaging:25.0.1] AndroidManifest.xml:60:13-62:85
240                android:name="com.google.firebase.components:com.google.firebase.messaging.FirebaseMessagingRegistrar"
240-->[com.google.firebase:firebase-messaging:25.0.1] AndroidManifest.xml:61:17-119
241                android:value="com.google.firebase.components.ComponentRegistrar" />
241-->[com.google.firebase:firebase-messaging:25.0.1] AndroidManifest.xml:62:17-82
242            <meta-data
242-->[com.google.firebase:firebase-storage:22.0.1] AndroidManifest.xml:30:13-32:85
243                android:name="com.google.firebase.components:com.google.firebase.storage.FirebaseStorageKtxRegistrar"
243-->[com.google.firebase:firebase-storage:22.0.1] AndroidManifest.xml:31:17-118
244                android:value="com.google.firebase.components.ComponentRegistrar" />
244-->[com.google.firebase:firebase-storage:22.0.1] AndroidManifest.xml:32:17-82
245            <meta-data
245-->[com.google.firebase:firebase-storage:22.0.1] AndroidManifest.xml:33:13-35:85
246                android:name="com.google.firebase.components:com.google.firebase.storage.StorageRegistrar"
246-->[com.google.firebase:firebase-storage:22.0.1] AndroidManifest.xml:34:17-107
247                android:value="com.google.firebase.components.ComponentRegistrar" />
247-->[com.google.firebase:firebase-storage:22.0.1] AndroidManifest.xml:35:17-82
248            <meta-data
248-->[com.google.firebase:firebase-ai:17.4.0] AndroidManifest.xml:31:13-33:85
249                android:name="com.google.firebase.components:com.google.firebase.ai.FirebaseAIRegistrar"
249-->[com.google.firebase:firebase-ai:17.4.0] AndroidManifest.xml:32:17-105
250                android:value="com.google.firebase.components.ComponentRegistrar" />
250-->[com.google.firebase:firebase-ai:17.4.0] AndroidManifest.xml:33:17-82
251            <meta-data
251-->[com.google.android.gms:play-services-measurement-api:23.0.0] AndroidManifest.xml:33:13-35:85
252                android:name="com.google.firebase.components:com.google.firebase.analytics.connector.internal.AnalyticsConnectorRegistrar"
252-->[com.google.android.gms:play-services-measurement-api:23.0.0] AndroidManifest.xml:34:17-139
253                android:value="com.google.firebase.components.ComponentRegistrar" />
253-->[com.google.android.gms:play-services-measurement-api:23.0.0] AndroidManifest.xml:35:17-82
254            <meta-data
254-->[com.google.firebase:firebase-installations:19.0.1] AndroidManifest.xml:15:13-17:85
255                android:name="com.google.firebase.components:com.google.firebase.installations.FirebaseInstallationsKtxRegistrar"
255-->[com.google.firebase:firebase-installations:19.0.1] AndroidManifest.xml:16:17-130
256                android:value="com.google.firebase.components.ComponentRegistrar" />
256-->[com.google.firebase:firebase-installations:19.0.1] AndroidManifest.xml:17:17-82
257            <meta-data
257-->[com.google.firebase:firebase-installations:19.0.1] AndroidManifest.xml:18:13-20:85
258                android:name="com.google.firebase.components:com.google.firebase.installations.FirebaseInstallationsRegistrar"
258-->[com.google.firebase:firebase-installations:19.0.1] AndroidManifest.xml:19:17-127
259                android:value="com.google.firebase.components.ComponentRegistrar" />
259-->[com.google.firebase:firebase-installations:19.0.1] AndroidManifest.xml:20:17-82
260            <meta-data
260-->[com.google.firebase:firebase-common:22.0.1] AndroidManifest.xml:35:13-37:85
261                android:name="com.google.firebase.components:com.google.firebase.FirebaseCommonKtxRegistrar"
261-->[com.google.firebase:firebase-common:22.0.1] AndroidManifest.xml:36:17-109
262                android:value="com.google.firebase.components.ComponentRegistrar" />
262-->[com.google.firebase:firebase-common:22.0.1] AndroidManifest.xml:37:17-82
263            <meta-data
263-->[com.google.firebase:firebase-appcheck:19.0.1] AndroidManifest.xml:25:13-27:85
264                android:name="com.google.firebase.components:com.google.firebase.appcheck.FirebaseAppCheckKtxRegistrar"
264-->[com.google.firebase:firebase-appcheck:19.0.1] AndroidManifest.xml:26:17-120
265                android:value="com.google.firebase.components.ComponentRegistrar" />